TN:
SF:src/lib/logger.ts
FN:1,(anonymous_1)
FN:15,(anonymous_2)
FN:20,Logger
FN:37,(anonymous_4)
FN:50,(anonymous_5)
FN:54,(anonymous_6)
FN:58,(anonymous_7)
FN:62,(anonymous_8)
FN:66,(anonymous_9)
FNF:9
FNH:9
FNDA:1,(anonymous_1)
FNDA:1,(anonymous_2)
FNDA:5,Logger
FNDA:11,(anonymous_4)
FNDA:2,(anonymous_5)
FNDA:2,(anonymous_6)
FNDA:5,(anonymous_7)
FNDA:2,(anonymous_8)
FNDA:6,(anonymous_9)
DA:1,1
DA:2,1
DA:3,1
DA:4,1
DA:5,1
DA:8,1
DA:15,1
DA:16,5
DA:20,5
DA:21,5
DA:22,5
DA:23,5
DA:24,5
DA:31,5
DA:32,5
DA:33,5
DA:34,5
DA:37,1
DA:38,11
DA:39,7
DA:44,7
DA:46,7
DA:50,8
DA:51,2
DA:54,8
DA:55,2
DA:58,17
DA:59,5
DA:62,8
DA:63,2
DA:66,1
DA:67,6
DA:68,6
DA:73,6
DA:77,1
LF:35
LH:35
BRDA:1,0,0,1
BRDA:1,0,1,1
BRDA:30,1,0,1
BRDA:30,1,1,4
BRDA:31,2,0,2
BRDA:31,2,1,3
BRDA:32,3,0,1
BRDA:32,3,1,4
BRDA:33,4,0,1
BRDA:33,4,1,4
BRDA:34,5,0,1
BRDA:34,5,1,4
BRDA:38,6,0,7
BRDA:38,6,1,4
BRDA:44,7,0,1
BRDA:44,7,1,6
BRDA:74,8,0,1
BRDA:74,8,1,5
BRF:18
BRH:18
end_of_record
